<?xml version="1.0" encoding="UTF-8"?>
<!-- Generated by org.testng.reporters.JUnitReportReporter -->
<testsuite hostname="DESKTOP-OPMIS4N" failures="0" tests="1" name="GrupingTestNG.MyClass1" time="0.002" errors="0" timestamp="2022-07-10T19:10:11 IST" skipped="0">
  <testcase classname="GrupingTestNG.MyClass1" name="c" time="0.002"/>
  <system-out>
    <![CDATA[c is running sanity]]>
  </system-out>
</testsuite> <!-- GrupingTestNG.MyClass1 -->
