<?xml version="1.0" encoding="UTF-8"?>
<!-- Generated by org.testng.reporters.JUnitReportReporter -->
<testsuite hostname="DESKTOP-OPMIS4N" failures="0" tests="1" name="kiteTesteeeeeeee.ValidateUserID" time="10.602" errors="0" timestamp="2022-07-04T14:53:58 IST" skipped="0">
  <testcase classname="kiteTesteeeeeeee.ValidateUserID" name="validateUserID" time="10.602"/>
  <system-out/>
</testsuite> <!-- kiteTesteeeeeeee.ValidateUserID -->
