<?xml version="1.0" encoding="UTF-8"?>
<!-- Generated by org.testng.reporters.JUnitReportReporter -->
<testsuite hostname="DESKTOP-OPMIS4N" failures="0" tests="2" name="includeUse.Pooja" time="0.019" errors="0" timestamp="2022-06-23T22:43:05 IST" skipped="0">
  <testcase classname="includeUse.Pooja" name="c" time="0.003"/>
  <system-out>
    <![CDATA[c is running]]>
  </system-out>
  <testcase classname="includeUse.Pooja" name="a" time="0.016"/>
  <system-out>
    <![CDATA[a is running]]>
  </system-out>
</testsuite> <!-- includeUse.Pooja -->
