<?xml version="1.0" encoding="UTF-8"?>
<!-- Generated by org.testng.reporters.JUnitReportReporter -->
<testsuite hostname="DESKTOP-OPMIS4N" failures="0" tests="3" name="TestNG_Keywords.InvocationCountUse" time="0.023" errors="0" timestamp="2022-06-22T16:54:57 IST" skipped="0">
  <testcase classname="TestNG_Keywords.InvocationCountUse" name="MyTest" time="0.010"/>
  <system-out>
    <![CDATA[Hello]]>
  </system-out>
  <testcase classname="TestNG_Keywords.InvocationCountUse" name="MyTest" time="0.009"/>
  <system-out>
    <![CDATA[Hello]]>
  </system-out>
  <testcase classname="TestNG_Keywords.InvocationCountUse" name="MyTest" time="0.004"/>
  <system-out>
    <![CDATA[Hello]]>
  </system-out>
</testsuite> <!-- TestNG_Keywords.InvocationCountUse -->
