<?xml version="1.0" encoding="UTF-8"?>
<!-- Generated by org.testng.reporters.JUnitReportReporter -->
<testsuite hostname="DESKTOP-OPMIS4N" failures="0" tests="4" name="TestNG_Keywords.enabledUse" time="0.022" errors="0" timestamp="2022-06-23T21:25:33 IST" skipped="1">
  <testcase classname="TestNG_Keywords.enabledUse" name="c" time="0.005"/>
  <system-out>
    <![CDATA[c is running]]>
  </system-out>
  <testcase classname="TestNG_Keywords.enabledUse" name="a" time="0.015"/>
  <system-out>
    <![CDATA[a is running]]>
  </system-out>
  <testcase classname="TestNG_Keywords.enabledUse" name="d" time="0.002"/>
  <system-out>
    <![CDATA[D is running]]>
  </system-out>
  <testcase classname="TestNG_Keywords.enabledUse" name="f">
    <skipped/>
  </testcase> <!-- f -->
  <system-out/>
</testsuite> <!-- TestNG_Keywords.enabledUse -->
