<?xml version="1.0" encoding="UTF-8"?>
<!-- Generated by org.testng.reporters.JUnitReportReporter -->
<testsuite hostname="DESKTOP-OPMIS4N" failures="0" tests="1" name="kiteAppProperties.ValidateUserID" time="11.237" errors="0" timestamp="2022-07-04T17:30:24 IST" skipped="0">
  <testcase classname="kiteAppProperties.ValidateUserID" name="validateUserID" time="11.237"/>
  <system-out/>
</testsuite> <!-- kiteAppProperties.ValidateUserID -->
