<?xml version="1.0" encoding="UTF-8"?>
<!-- Generated by org.testng.reporters.JUnitReportReporter -->
<testsuite hostname="DESKTOP-OPMIS4N" failures="0" tests="1" name="verificationUsingTestNG.Multipleverification" time="0.017" errors="0" timestamp="2022-06-28T15:28:02 IST" skipped="0">
  <testcase classname="verificationUsingTestNG.Multipleverification" name="Mobile" time="0.017"/>
  <system-out/>
</testsuite> <!-- verificationUsingTestNG.Multipleverification -->
