<?xml version="1.0" encoding="UTF-8"?>
<!-- Generated by org.testng.reporters.JUnitReportReporter -->
<testsuite hostname="DESKTOP-OPMIS4N" failures="0" tests="1" name="includeUse.varsha" time="0.012" errors="0" timestamp="2022-06-23T22:25:58 IST" skipped="0">
  <testcase classname="includeUse.varsha" name="d" time="0.012"/>
  <system-out>
    <![CDATA[D is running]]>
  </system-out>
</testsuite> <!-- includeUse.varsha -->
