<?xml version="1.0" encoding="UTF-8"?>
<!-- Generated by org.testng.reporters.JUnitReportReporter -->
<testsuite hostname="DESKTOP-OPMIS4N" failures="0" tests="2" name="GrupingTestNG.MyClass2" time="0.027" errors="0" timestamp="2022-07-10T19:10:11 IST" skipped="0">
  <testcase classname="GrupingTestNG.MyClass2" name="p" time="0.023"/>
  <system-out>
    <![CDATA[p is running sanity ]]>
  </system-out>
  <testcase classname="GrupingTestNG.MyClass2" name="r" time="0.004"/>
  <system-out>
    <![CDATA[p is running sanity ]]>
  </system-out>
</testsuite> <!-- GrupingTestNG.MyClass2 -->
