<?xml version="1.0" encoding="UTF-8"?>
<!-- Generated by org.testng.reporters.JUnitReportReporter -->
<testsuite hostname="DESKTOP-OPMIS4N" failures="0" tests="1" name="IncludeExcludeUse.varsha" time="0.020" errors="0" timestamp="2022-06-27T12:19:55 IST" skipped="0">
  <testcase classname="IncludeExcludeUse.varsha" name="d" time="0.020"/>
  <system-out>
    <![CDATA[D is running]]>
  </system-out>
</testsuite> <!-- IncludeExcludeUse.varsha -->
