<?xml version="1.0" encoding="UTF-8"?>
<!-- Generated by org.testng.reporters.JUnitReportReporter -->
<testsuite hostname="DESKTOP-OPMIS4N" failures="0" tests="2" name="TestNg.MyTestClass" time="30.058" errors="0" timestamp="2022-06-22T16:21:12 IST" skipped="0">
  <testcase classname="TestNg.MyTestClass" name="varsha" time="18.445"/>
  <system-out/>
  <testcase classname="TestNg.MyTestClass" name="varsha1" time="11.613"/>
  <system-out/>
</testsuite> <!-- TestNg.MyTestClass -->
