<?xml version="1.0" encoding="UTF-8"?>
<!-- Generated by org.testng.reporters.JUnitReportReporter -->
<testsuite hostname="DESKTOP-OPMIS4N" failures="0" tests="1" name="SerialAndParallelExecution.MyClass1" time="15.263" errors="0" timestamp="2022-06-29T14:27:13 IST" skipped="0">
  <testcase classname="SerialAndParallelExecution.MyClass1" name="MyMethod" time="15.263"/>
  <system-out/>
</testsuite> <!-- SerialAndParallelExecution.MyClass1 -->
