<?xml version="1.0" encoding="UTF-8"?>
<!-- Generated by org.testng.reporters.JUnitReportReporter -->
<testsuite hostname="DESKTOP-OPMIS4N" failures="0" tests="3" name="IncludeExcludeUse.Pooja" time="0.012" errors="0" timestamp="2022-06-27T12:19:55 IST" skipped="0">
  <testcase classname="IncludeExcludeUse.Pooja" name="c" time="0.006"/>
  <system-out>
    <![CDATA[c is running]]>
  </system-out>
  <testcase classname="IncludeExcludeUse.Pooja" name="d" time="0.003"/>
  <system-out>
    <![CDATA[D is running]]>
  </system-out>
  <testcase classname="IncludeExcludeUse.Pooja" name="a" time="0.003"/>
  <system-out>
    <![CDATA[a is running]]>
  </system-out>
</testsuite> <!-- IncludeExcludeUse.Pooja -->
