<?xml version="1.0" encoding="UTF-8"?>
<!-- Generated by org.testng.reporters.JUnitReportReporter -->
<testsuite hostname="DESKTOP-OPMIS4N" failures="0" tests="2" name="TestNg.AnnotationsStudy" time="0.010" errors="0" timestamp="2022-06-23T15:43:43 IST" skipped="0">
  <testcase classname="TestNg.AnnotationsStudy" name="Validate_Dashboard" time="0.003"/>
  <system-out>
    <![CDATA[Validate Dashboard]]>
  </system-out>
  <testcase classname="TestNg.AnnotationsStudy" name="ValidateUserID" time="0.007"/>
  <system-out>
    <![CDATA[User ID validate]]>
  </system-out>
</testsuite> <!-- TestNg.AnnotationsStudy -->
