<?xml version="1.0" encoding="UTF-8"?>
<!-- Generated by org.testng.reporters.JUnitReportReporter -->
<testsuite hostname="DESKTOP-OPMIS4N" failures="0" tests="1" name="verificationUsingTestNG.AssertTrueAndFalseUse" time="0.015" errors="0" timestamp="2022-06-28T14:58:27 IST" skipped="0">
  <testcase classname="verificationUsingTestNG.AssertTrueAndFalseUse" name="Display1" time="0.015"/>
  <system-out>
    <![CDATA[value is false TC is passed]]>
  </system-out>
</testsuite> <!-- verificationUsingTestNG.AssertTrueAndFalseUse -->
