<?xml version="1.0" encoding="UTF-8"?>
<!-- Generated by org.testng.reporters.JUnitReportReporter -->
<testsuite hostname="DESKTOP-OPMIS4N" failures="0" tests="2" name="CrossBrowserTest.CrossBrowserTesting" time="110.892" errors="0" timestamp="2022-07-12T14:12:19 IST" skipped="0">
  <testcase classname="CrossBrowserTest.CrossBrowserTesting" name="varsha" time="53.614"/>
  <system-out/>
  <testcase classname="CrossBrowserTest.CrossBrowserTesting" name="varsha" time="57.278"/>
  <system-out/>
</testsuite> <!-- CrossBrowserTest.CrossBrowserTesting -->
