<?xml version="1.0" encoding="UTF-8"?>
<!-- Generated by org.testng.reporters.JUnitReportReporter -->
<testsuite hostname="DESKTOP-OPMIS4N" failures="0" tests="4" name="TestNG_Keywords.PriorityUse" time="0.075" errors="0" timestamp="2022-06-22T17:01:39 IST" skipped="0">
  <testcase classname="TestNG_Keywords.PriorityUse" name="d" time="0.036"/>
  <system-out>
    <![CDATA[D is running]]>
  </system-out>
  <testcase classname="TestNG_Keywords.PriorityUse" name="c" time="0.005"/>
  <system-out>
    <![CDATA[c is running]]>
  </system-out>
  <testcase classname="TestNG_Keywords.PriorityUse" name="f" time="0.027"/>
  <system-out>
    <![CDATA[f is running]]>
  </system-out>
  <testcase classname="TestNG_Keywords.PriorityUse" name="a" time="0.007"/>
  <system-out>
    <![CDATA[a is running]]>
  </system-out>
</testsuite> <!-- TestNG_Keywords.PriorityUse -->
