<?xml version="1.0" encoding="UTF-8"?>
<!-- Generated by org.testng.reporters.JUnitReportReporter -->
<testsuite hostname="DESKTOP-OPMIS4N" failures="0" tests="1" name="verificationUsingTestNG.AssertEqualsNotEqualsUse" time="0.019" errors="0" timestamp="2022-06-28T14:27:57 IST" skipped="0">
  <testcase classname="verificationUsingTestNG.AssertEqualsNotEqualsUse" name="myMethod1" time="0.019"/>
  <system-out>
    <![CDATA[ v and p values are Not matching TC is Passed]]>
  </system-out>
</testsuite> <!-- verificationUsingTestNG.AssertEqualsNotEqualsUse -->
